<?xml version="1.0" encoding="UTF-8" ?>
<testsuite tests="18" failures="0" name="nz.ac.auckland.Anime.test.animeApplicationTest" time="1.187" errors="0" skipped="0">
  <properties>
    <property name="idea.version" value="2016.2.3"/>
    <property name="java.runtime.name" value="Java(TM) SE Runtime Environment"/>
    <property name="sun.boot.library.path" value="C:\Program Files (x86)\Java\jdk1.8.0_101\jre\bin"/>
    <property name="java.vm.version" value="25.101-b13"/>
    <property name="java.vm.vendor" value="Oracle Corporation"/>
    <property name="java.vendor.url" value="http://java.oracle.com/"/>
    <property name="path.separator" value=";"/>
    <property name="guice.disable.misplaced.annotation.check" value="true"/>
    <property name="java.vm.name" value="Java HotSpot(TM) Client VM"/>
    <property name="file.encoding.pkg" value="sun.io"/>
    <property name="idea.launcher.port" value="7540"/>
    <property name="user.script" value=""/>
    <property name="user.country" value="US"/>
    <property name="sun.java.launcher" value="SUN_STANDARD"/>
    <property name="sun.os.patch.level" value=""/>
    <property name="java.vm.specification.name" value="Java Virtual Machine Specification"/>
    <property name="user.dir" value="C:\Users\Ben\Desktop\325 A3 try2\animeGo"/>
    <property name="java.runtime.version" value="1.8.0_101-b13"/>
    <property name="java.awt.graphicsenv" value="sun.awt.Win32GraphicsEnvironment"/>
    <property name="java.endorsed.dirs" value="C:\Program Files (x86)\Java\jdk1.8.0_101\jre\lib\endorsed"/>
    <property name="os.arch" value="x86"/>
    <property name="java.io.tmpdir" value="C:\Users\Ben\AppData\Local\Temp\"/>
    <property name="line.separator" value="
"/>
    <property name="java.vm.specification.vendor" value="Oracle Corporation"/>
    <property name="user.variant" value=""/>
    <property name="os.name" value="Windows 7"/>
    <property name="classworlds.conf" value="C:\Program Files (x86)\JetBrains\IntelliJ IDEA Community Edition 2016.2.3\plugins\maven\lib\maven3\bin\m2.conf"/>
    <property name="sun.jnu.encoding" value="Cp1252"/>
    <property name="java.library.path" value="C:\Program Files (x86)\Java\jdk1.8.0_101\bin;C:\Windows\Sun\Java\bin;C:\Windows\system32;C:\Windows;C:\ProgramData\Oracle\Java\javapath;C:\Windows\system32;C:\Windows;C:\Windows\System32\Wbem;C:\Windows\System32\WindowsPowerShell\v1.0\;C:\Program Files\nodejs\;C:\Users\Ben\AppData\Roaming\npm;C:\Users\Ben\AppData\Local\atom\bin;."/>
    <property name="java.specification.name" value="Java Platform API Specification"/>
    <property name="java.class.version" value="52.0"/>
    <property name="sun.management.compiler" value="HotSpot Client Compiler"/>
    <property name="os.version" value="6.1"/>
    <property name="user.home" value="C:\Users\Ben"/>
    <property name="user.timezone" value="Pacific/Auckland"/>
    <property name="java.awt.printerjob" value="sun.awt.windows.WPrinterJob"/>
    <property name="java.specification.version" value="1.8"/>
    <property name="idea.launcher.bin.path" value="C:\Program Files (x86)\JetBrains\IntelliJ IDEA Community Edition 2016.2.3\bin"/>
    <property name="file.encoding" value="UTF-8"/>
    <property name="user.name" value="Ben"/>
    <property name="java.class.path" value="C:\Program Files (x86)\JetBrains\IntelliJ IDEA Community Edition 2016.2.3\plugins\maven\lib\maven3\boot\plexus-classworlds-2.4.jar;C:\Program Files (x86)\JetBrains\IntelliJ IDEA Community Edition 2016.2.3\lib\idea_rt.jar"/>
    <property name="java.vm.specification.version" value="1.8"/>
    <property name="sun.arch.data.model" value="32"/>
    <property name="java.home" value="C:\Program Files (x86)\Java\jdk1.8.0_101\jre"/>
    <property name="sun.java.command" value="com.intellij.rt.execution.application.AppMain org.codehaus.classworlds.Launcher -Didea.version=2016.2.3 install"/>
    <property name="java.specification.vendor" value="Oracle Corporation"/>
    <property name="user.language" value="en"/>
    <property name="awt.toolkit" value="sun.awt.windows.WToolkit"/>
    <property name="java.vm.info" value="mixed mode"/>
    <property name="java.version" value="1.8.0_101"/>
    <property name="java.ext.dirs" value="C:\Program Files (x86)\Java\jdk1.8.0_101\jre\lib\ext;C:\Windows\Sun\Java\lib\ext"/>
    <property name="sun.boot.class.path" value="C:\Program Files (x86)\Java\jdk1.8.0_101\jre\lib\resources.jar;C:\Program Files (x86)\Java\jdk1.8.0_101\jre\lib\rt.jar;C:\Program Files (x86)\Java\jdk1.8.0_101\jre\lib\sunrsasign.jar;C:\Program Files (x86)\Java\jdk1.8.0_101\jre\lib\jsse.jar;C:\Program Files (x86)\Java\jdk1.8.0_101\jre\lib\jce.jar;C:\Program Files (x86)\Java\jdk1.8.0_101\jre\lib\charsets.jar;C:\Program Files (x86)\Java\jdk1.8.0_101\jre\lib\jfr.jar;C:\Program Files (x86)\Java\jdk1.8.0_101\jre\classes"/>
    <property name="java.vendor" value="Oracle Corporation"/>
    <property name="maven.home" value="C:\Program Files (x86)\JetBrains\IntelliJ IDEA Community Edition 2016.2.3\plugins\maven\lib\maven3"/>
    <property name="file.separator" value="\"/>
    <property name="java.vendor.url.bug" value="http://bugreport.sun.com/bugreport/"/>
    <property name="sun.cpu.endian" value="little"/>
    <property name="sun.io.unicode.encoding" value="UnicodeLittle"/>
    <property name="sun.desktop" value="windows"/>
    <property name="sun.cpu.isalist" value="pentium_pro+mmx pentium_pro pentium+mmx pentium i486 i386 i86"/>
  </properties>
  <testcase classname="nz.ac.auckland.Anime.test.animeApplicationTest" name="addAnime" time="0.581"/>
  <testcase classname="nz.ac.auckland.Anime.test.animeApplicationTest" name="addForum" time="0.035"/>
  <testcase classname="nz.ac.auckland.Anime.test.animeApplicationTest" name="deleteAnime" time="0.166"/>
  <testcase classname="nz.ac.auckland.Anime.test.animeApplicationTest" name="addClub" time="0.045"/>
  <testcase classname="nz.ac.auckland.Anime.test.animeApplicationTest" name="addUser" time="0.027"/>
  <testcase classname="nz.ac.auckland.Anime.test.animeApplicationTest" name="deleteForum" time="0.025"/>
  <testcase classname="nz.ac.auckland.Anime.test.animeApplicationTest" name="updateRating" time="0.029"/>
  <testcase classname="nz.ac.auckland.Anime.test.animeApplicationTest" name="updateReview" time="0.027"/>
  <testcase classname="nz.ac.auckland.Anime.test.animeApplicationTest" name="deleteRating" time="0.026"/>
  <testcase classname="nz.ac.auckland.Anime.test.animeApplicationTest" name="deleteReview" time="0.047"/>
  <testcase classname="nz.ac.auckland.Anime.test.animeApplicationTest" name="updateAnime" time="0.021"/>
  <testcase classname="nz.ac.auckland.Anime.test.animeApplicationTest" name="updateForum" time="0.025"/>
  <testcase classname="nz.ac.auckland.Anime.test.animeApplicationTest" name="updateClub" time="0.022"/>
  <testcase classname="nz.ac.auckland.Anime.test.animeApplicationTest" name="updateUser" time="0.018"/>
  <testcase classname="nz.ac.auckland.Anime.test.animeApplicationTest" name="addRating" time="0.021"/>
  <testcase classname="nz.ac.auckland.Anime.test.animeApplicationTest" name="addReview" time="0.015"/>
  <testcase classname="nz.ac.auckland.Anime.test.animeApplicationTest" name="deleteClub" time="0.024"/>
  <testcase classname="nz.ac.auckland.Anime.test.animeApplicationTest" name="deleteUser" time="0.033"/>
</testsuite>